[2026-07-05 08:29:35] INFO in appImp: add route: WorkFlow
[2026-07-05 08:30:06] ERROR in kdipServerImp: KdipServer get_access_token_once error: HTTPSConnectionPool(host='open.kuaishou.com', port=443): Max retries exceeded with url: /oauth2/access_token?grant_type=client_credentials&app_id=ks697776469461717331&app_secret=KC-VH0uJLxXqEliLwS44Jg&scope=game_gm (Caused by ConnectTimeoutError(<HTTPSConnection(host='open.kuaishou.com', port=443) at 0x7fa41b5e5210>, 'Connection to open.kuaishou.com timed out. (connect timeout=10)'))
[2026-07-05 08:30:06] INFO in kdipServerImp: KDIP schedule initialized
[2026-07-05 08:30:06] INFO in hotfixDirWatcher: hotfixDirWatcher: spawning watcher greenlet on main hub
[2026-07-05 08:30:06] INFO in app: config info:
[2026-07-05 08:30:06] INFO in app: Server: 0.0.0.0:16666
[2026-07-05 08:30:06] INFO in app: Redis: my_redis:6379
[2026-07-05 08:30:06] INFO in app: Mysql: my_mysql:3307
[2026-07-05 08:30:06] INFO in TelnetHandler: GeventTelnetServer start at: ('0.0.0.0', 6668)
[2026-07-05 08:30:06] INFO in TelnetHandler: console listen at 0.0.0.0: 6668
[2026-07-05 08:30:11] INFO in hotfixDirWatcher: hotfixDirWatcher: greenlet loop started (interval=120s)
[2026-07-05 08:30:11] INFO in hotfixDirWatcher: hotfixDirWatcher: tick start
[2026-07-05 08:30:11] INFO in mongoImp: Successfully connected to MongoDB: work_flow
[2026-07-05 08:30:11] INFO in hotfixDirWatcher: hotfixDirWatcher: server/weekly changelist unchanged (cl=1855987), skip
[2026-07-05 08:30:11] INFO in hotfixDirWatcher: hotfixDirWatcher: client/weekly changelist unchanged (cl=1855822), skip
[2026-07-05 08:30:11] INFO in hotfixDirWatcher: hotfixDirWatcher: server/mainline changelist unchanged (cl=1785099), skip
[2026-07-05 08:30:11] INFO in hotfixDirWatcher: hotfixDirWatcher: client/mainline changelist unchanged (cl=1825109), skip
[2026-07-05 08:30:12] INFO in mongoImp: Successfully connected to MongoDB: work_flow
[2026-07-05 08:30:12] INFO in hotfixDirWatcher: hotfixDirWatcher: no changes detected, tick end
127.0.0.1 - - [2026-07-05 08:30:13] "GET /api/workflow/list HTTP/1.1" 200 282 0.002244
127.0.0.1 - - [2026-07-05 08:30:18] "GET /api/workflow/executors HTTP/1.1" 200 447 0.000667
[2026-07-05 08:31:16] INFO in appImp: flask home
172.20.20.2 - - [2026-07-05 08:31:16] "GET /home HTTP/1.1" 200 291 0.001048
[2026-07-05 08:32:12] INFO in hotfixDirWatcher: hotfixDirWatcher: tick start
[2026-07-05 08:32:12] INFO in mongoImp: Successfully connected to MongoDB: work_flow
[2026-07-05 08:32:12] INFO in hotfixDirWatcher: hotfixDirWatcher: server/weekly changelist unchanged (cl=1855987), skip
[2026-07-05 08:32:12] INFO in hotfixDirWatcher: hotfixDirWatcher: client/weekly changelist unchanged (cl=1855822), skip
[2026-07-05 08:32:12] INFO in hotfixDirWatcher: hotfixDirWatcher: server/mainline changelist unchanged (cl=1785099), skip
[2026-07-05 08:32:12] INFO in hotfixDirWatcher: hotfixDirWatcher: client/mainline changelist unchanged (cl=1825109), skip
[2026-07-05 08:32:12] INFO in mongoImp: Successfully connected to MongoDB: work_flow
[2026-07-05 08:32:12] INFO in hotfixDirWatcher: hotfixDirWatcher: no changes detected, tick end
[2026-07-05 08:34:12] INFO in hotfixDirWatcher: hotfixDirWatcher: tick start
[2026-07-05 08:34:12] INFO in mongoImp: Successfully connected to MongoDB: work_flow
[2026-07-05 08:34:12] INFO in hotfixDirWatcher: hotfixDirWatcher: server/weekly changelist unchanged (cl=1855987), skip
[2026-07-05 08:34:12] INFO in hotfixDirWatcher: hotfixDirWatcher: client/weekly changelist unchanged (cl=1855822), skip
[2026-07-05 08:34:12] INFO in hotfixDirWatcher: hotfixDirWatcher: server/mainline changelist unchanged (cl=1785099), skip
[2026-07-05 08:34:13] INFO in hotfixDirWatcher: hotfixDirWatcher: client/mainline changelist unchanged (cl=1825109), skip
[2026-07-05 08:34:13] INFO in mongoImp: Successfully connected to MongoDB: work_flow
[2026-07-05 08:34:13] INFO in hotfixDirWatcher: hotfixDirWatcher: no changes detected, tick end
[2026-07-05 08:36:13] INFO in hotfixDirWatcher: hotfixDirWatcher: tick start
[2026-07-05 08:36:13] INFO in mongoImp: Successfully connected to MongoDB: work_flow
[2026-07-05 08:36:13] INFO in hotfixDirWatcher: hotfixDirWatcher: server/weekly changelist unchanged (cl=1855987), skip
[2026-07-05 08:36:13] INFO in hotfixDirWatcher: hotfixDirWatcher: client/weekly changelist unchanged (cl=1855822), skip
[2026-07-05 08:36:13] INFO in hotfixDirWatcher: hotfixDirWatcher: server/mainline changelist unchanged (cl=1785099), skip
[2026-07-05 08:36:13] INFO in hotfixDirWatcher: hotfixDirWatcher: client/mainline changelist unchanged (cl=1825109), skip
[2026-07-05 08:36:13] INFO in mongoImp: Successfully connected to MongoDB: work_flow
[2026-07-05 08:36:13] INFO in hotfixDirWatcher: hotfixDirWatcher: no changes detected, tick end
[2026-07-05 08:38:13] INFO in hotfixDirWatcher: hotfixDirWatcher: tick start
[2026-07-05 08:38:13] INFO in mongoImp: Successfully connected to MongoDB: work_flow
[2026-07-05 08:38:13] INFO in hotfixDirWatcher: hotfixDirWatcher: server/weekly changelist unchanged (cl=1855987), skip
[2026-07-05 08:38:13] INFO in hotfixDirWatcher: hotfixDirWatcher: client/weekly changelist unchanged (cl=1855822), skip
[2026-07-05 08:38:13] INFO in hotfixDirWatcher: hotfixDirWatcher: server/mainline changelist unchanged (cl=1785099), skip
[2026-07-05 08:38:14] INFO in hotfixDirWatcher: hotfixDirWatcher: client/mainline changelist unchanged (cl=1825109), skip
[2026-07-05 08:38:14] INFO in mongoImp: Successfully connected to MongoDB: work_flow
[2026-07-05 08:38:14] INFO in hotfixDirWatcher: hotfixDirWatcher: no changes detected, tick end
[2026-07-05 08:40:14] INFO in hotfixDirWatcher: hotfixDirWatcher: tick start
[2026-07-05 08:40:14] INFO in mongoImp: Successfully connected to MongoDB: work_flow
[2026-07-05 08:40:14] INFO in hotfixDirWatcher: hotfixDirWatcher: server/weekly changelist unchanged (cl=1855987), skip
[2026-07-05 08:40:14] INFO in hotfixDirWatcher: hotfixDirWatcher: client/weekly changelist unchanged (cl=1855822), skip
[2026-07-05 08:40:14] INFO in hotfixDirWatcher: hotfixDirWatcher: server/mainline changelist unchanged (cl=1785099), skip
[2026-07-05 08:40:14] INFO in hotfixDirWatcher: hotfixDirWatcher: client/mainline changelist unchanged (cl=1825109), skip
[2026-07-05 08:40:14] INFO in mongoImp: Successfully connected to MongoDB: work_flow
[2026-07-05 08:40:14] INFO in hotfixDirWatcher: hotfixDirWatcher: no changes detected, tick end
[2026-07-05 08:42:14] INFO in hotfixDirWatcher: hotfixDirWatcher: tick start
[2026-07-05 08:42:14] INFO in mongoImp: Successfully connected to MongoDB: work_flow
[2026-07-05 08:42:14] INFO in hotfixDirWatcher: hotfixDirWatcher: server/weekly changelist unchanged (cl=1855987), skip
[2026-07-05 08:42:14] INFO in hotfixDirWatcher: hotfixDirWatcher: client/weekly changelist unchanged (cl=1855822), skip
[2026-07-05 08:42:14] INFO in hotfixDirWatcher: hotfixDirWatcher: server/mainline changelist unchanged (cl=1785099), skip
[2026-07-05 08:42:15] INFO in hotfixDirWatcher: hotfixDirWatcher: client/mainline changelist unchanged (cl=1825109), skip
[2026-07-05 08:42:15] INFO in mongoImp: Successfully connected to MongoDB: work_flow
[2026-07-05 08:42:15] INFO in hotfixDirWatcher: hotfixDirWatcher: no changes detected, tick end
[2026-07-05 08:44:15] INFO in hotfixDirWatcher: hotfixDirWatcher: tick start
[2026-07-05 08:44:15] INFO in mongoImp: Successfully connected to MongoDB: work_flow
[2026-07-05 08:44:15] INFO in hotfixDirWatcher: hotfixDirWatcher: server/weekly changelist unchanged (cl=1855987), skip
[2026-07-05 08:44:15] INFO in hotfixDirWatcher: hotfixDirWatcher: client/weekly changelist unchanged (cl=1855822), skip
[2026-07-05 08:44:15] INFO in hotfixDirWatcher: hotfixDirWatcher: server/mainline changelist unchanged (cl=1785099), skip
[2026-07-05 08:44:15] INFO in hotfixDirWatcher: hotfixDirWatcher: client/mainline changelist unchanged (cl=1825109), skip
[2026-07-05 08:44:15] INFO in mongoImp: Successfully connected to MongoDB: work_flow
[2026-07-05 08:44:15] INFO in hotfixDirWatcher: hotfixDirWatcher: no changes detected, tick end
[2026-07-05 08:46:15] INFO in hotfixDirWatcher: hotfixDirWatcher: tick start
[2026-07-05 08:46:15] INFO in mongoImp: Successfully connected to MongoDB: work_flow
[2026-07-05 08:46:15] INFO in hotfixDirWatcher: hotfixDirWatcher: server/weekly changelist unchanged (cl=1855987), skip
[2026-07-05 08:46:15] INFO in hotfixDirWatcher: hotfixDirWatcher: client/weekly changelist unchanged (cl=1855822), skip
[2026-07-05 08:46:16] INFO in hotfixDirWatcher: hotfixDirWatcher: server/mainline changelist unchanged (cl=1785099), skip
[2026-07-05 08:46:16] INFO in hotfixDirWatcher: hotfixDirWatcher: client/mainline changelist unchanged (cl=1825109), skip
[2026-07-05 08:46:16] INFO in mongoImp: Successfully connected to MongoDB: work_flow
[2026-07-05 08:46:16] INFO in hotfixDirWatcher: hotfixDirWatcher: no changes detected, tick end
[2026-07-05 08:48:16] INFO in hotfixDirWatcher: hotfixDirWatcher: tick start
[2026-07-05 08:48:16] INFO in mongoImp: Successfully connected to MongoDB: work_flow
[2026-07-05 08:48:16] INFO in hotfixDirWatcher: hotfixDirWatcher: server/weekly changelist unchanged (cl=1855987), skip
[2026-07-05 08:48:16] INFO in hotfixDirWatcher: hotfixDirWatcher: client/weekly changelist unchanged (cl=1855822), skip
[2026-07-05 08:48:16] INFO in hotfixDirWatcher: hotfixDirWatcher: server/mainline changelist unchanged (cl=1785099), skip
[2026-07-05 08:48:16] INFO in hotfixDirWatcher: hotfixDirWatcher: client/mainline changelist unchanged (cl=1825109), skip
[2026-07-05 08:48:16] INFO in mongoImp: Successfully connected to MongoDB: work_flow
[2026-07-05 08:48:16] INFO in hotfixDirWatcher: hotfixDirWatcher: no changes detected, tick end
[2026-07-05 08:50:16] INFO in hotfixDirWatcher: hotfixDirWatcher: tick start
[2026-07-05 08:50:16] INFO in mongoImp: Successfully connected to MongoDB: work_flow
[2026-07-05 08:50:16] INFO in hotfixDirWatcher: hotfixDirWatcher: server/weekly changelist unchanged (cl=1855987), skip
[2026-07-05 08:50:17] INFO in hotfixDirWatcher: hotfixDirWatcher: client/weekly changelist unchanged (cl=1855822), skip
[2026-07-05 08:50:17] INFO in hotfixDirWatcher: hotfixDirWatcher: server/mainline changelist unchanged (cl=1785099), skip
[2026-07-05 08:50:17] INFO in hotfixDirWatcher: hotfixDirWatcher: client/mainline changelist unchanged (cl=1825109), skip
[2026-07-05 08:50:17] INFO in mongoImp: Successfully connected to MongoDB: work_flow
[2026-07-05 08:50:17] INFO in hotfixDirWatcher: hotfixDirWatcher: no changes detected, tick end
[2026-07-05 08:52:17] INFO in hotfixDirWatcher: hotfixDirWatcher: tick start
[2026-07-05 08:52:17] INFO in mongoImp: Successfully connected to MongoDB: work_flow
[2026-07-05 08:52:17] INFO in hotfixDirWatcher: hotfixDirWatcher: server/weekly changelist unchanged (cl=1855987), skip
[2026-07-05 08:52:17] INFO in hotfixDirWatcher: hotfixDirWatcher: client/weekly changelist unchanged (cl=1855822), skip
[2026-07-05 08:52:17] INFO in hotfixDirWatcher: hotfixDirWatcher: server/mainline changelist unchanged (cl=1785099), skip
[2026-07-05 08:52:17] INFO in hotfixDirWatcher: hotfixDirWatcher: client/mainline changelist unchanged (cl=1825109), skip
[2026-07-05 08:52:17] INFO in mongoImp: Successfully connected to MongoDB: work_flow
[2026-07-05 08:52:17] INFO in hotfixDirWatcher: hotfixDirWatcher: no changes detected, tick end
[2026-07-05 08:54:17] INFO in hotfixDirWatcher: hotfixDirWatcher: tick start
[2026-07-05 08:54:17] INFO in mongoImp: Successfully connected to MongoDB: work_flow
[2026-07-05 08:54:17] INFO in hotfixDirWatcher: hotfixDirWatcher: server/weekly changelist unchanged (cl=1855987), skip
[2026-07-05 08:54:18] INFO in hotfixDirWatcher: hotfixDirWatcher: client/weekly changelist unchanged (cl=1855822), skip
[2026-07-05 08:54:18] INFO in hotfixDirWatcher: hotfixDirWatcher: server/mainline changelist unchanged (cl=1785099), skip
[2026-07-05 08:54:18] INFO in hotfixDirWatcher: hotfixDirWatcher: client/mainline changelist unchanged (cl=1825109), skip
[2026-07-05 08:54:18] INFO in mongoImp: Successfully connected to MongoDB: work_flow
[2026-07-05 08:54:18] INFO in hotfixDirWatcher: hotfixDirWatcher: no changes detected, tick end
[2026-07-05 08:56:18] INFO in hotfixDirWatcher: hotfixDirWatcher: tick start
[2026-07-05 08:56:18] INFO in mongoImp: Successfully connected to MongoDB: work_flow
[2026-07-05 08:56:18] INFO in hotfixDirWatcher: hotfixDirWatcher: server/weekly changelist unchanged (cl=1855987), skip
[2026-07-05 08:56:18] INFO in hotfixDirWatcher: hotfixDirWatcher: client/weekly changelist unchanged (cl=1855822), skip
[2026-07-05 08:56:18] INFO in hotfixDirWatcher: hotfixDirWatcher: server/mainline changelist unchanged (cl=1785099), skip
[2026-07-05 08:56:18] INFO in hotfixDirWatcher: hotfixDirWatcher: client/mainline changelist unchanged (cl=1825109), skip
[2026-07-05 08:56:18] INFO in mongoImp: Successfully connected to MongoDB: work_flow
[2026-07-05 08:56:18] INFO in hotfixDirWatcher: hotfixDirWatcher: no changes detected, tick end
[2026-07-05 08:58:18] INFO in hotfixDirWatcher: hotfixDirWatcher: tick start
[2026-07-05 08:58:18] INFO in mongoImp: Successfully connected to MongoDB: work_flow
[2026-07-05 08:58:18] INFO in hotfixDirWatcher: hotfixDirWatcher: server/weekly changelist unchanged (cl=1855987), skip
[2026-07-05 08:58:19] INFO in hotfixDirWatcher: hotfixDirWatcher: client/weekly changelist unchanged (cl=1855822), skip
[2026-07-05 08:58:19] INFO in hotfixDirWatcher: hotfixDirWatcher: server/mainline changelist unchanged (cl=1785099), skip
[2026-07-05 08:58:19] INFO in hotfixDirWatcher: hotfixDirWatcher: client/mainline changelist unchanged (cl=1825109), skip
[2026-07-05 08:58:19] INFO in mongoImp: Successfully connected to MongoDB: work_flow
[2026-07-05 08:58:19] INFO in hotfixDirWatcher: hotfixDirWatcher: no changes detected, tick end
[2026-07-05 09:00:19] INFO in hotfixDirWatcher: hotfixDirWatcher: tick start
[2026-07-05 09:00:19] INFO in mongoImp: Successfully connected to MongoDB: work_flow
[2026-07-05 09:00:19] INFO in hotfixDirWatcher: hotfixDirWatcher: server/weekly changelist unchanged (cl=1855987), skip
[2026-07-05 09:00:19] INFO in hotfixDirWatcher: hotfixDirWatcher: client/weekly changelist unchanged (cl=1855822), skip
[2026-07-05 09:00:19] INFO in hotfixDirWatcher: hotfixDirWatcher: server/mainline changelist unchanged (cl=1785099), skip
[2026-07-05 09:00:19] INFO in hotfixDirWatcher: hotfixDirWatcher: client/mainline changelist unchanged (cl=1825109), skip
[2026-07-05 09:00:19] INFO in mongoImp: Successfully connected to MongoDB: work_flow
[2026-07-05 09:00:19] INFO in hotfixDirWatcher: hotfixDirWatcher: no changes detected, tick end
[2026-07-05 09:02:19] INFO in hotfixDirWatcher: hotfixDirWatcher: tick start
[2026-07-05 09:02:20] INFO in mongoImp: Successfully connected to MongoDB: work_flow
[2026-07-05 09:02:20] INFO in hotfixDirWatcher: hotfixDirWatcher: server/weekly changelist unchanged (cl=1855987), skip
[2026-07-05 09:02:20] INFO in hotfixDirWatcher: hotfixDirWatcher: client/weekly changelist unchanged (cl=1855822), skip
[2026-07-05 09:02:20] INFO in hotfixDirWatcher: hotfixDirWatcher: server/mainline changelist unchanged (cl=1785099), skip
[2026-07-05 09:02:20] INFO in hotfixDirWatcher: hotfixDirWatcher: client/mainline changelist unchanged (cl=1825109), skip
[2026-07-05 09:02:20] INFO in mongoImp: Successfully connected to MongoDB: work_flow
[2026-07-05 09:02:20] INFO in hotfixDirWatcher: hotfixDirWatcher: no changes detected, tick end
[2026-07-05 09:04:20] INFO in hotfixDirWatcher: hotfixDirWatcher: tick start
[2026-07-05 09:04:20] INFO in mongoImp: Successfully connected to MongoDB: work_flow
[2026-07-05 09:04:20] INFO in hotfixDirWatcher: hotfixDirWatcher: server/weekly changelist unchanged (cl=1855987), skip
[2026-07-05 09:04:20] INFO in hotfixDirWatcher: hotfixDirWatcher: client/weekly changelist unchanged (cl=1855822), skip
[2026-07-05 09:04:20] INFO in hotfixDirWatcher: hotfixDirWatcher: server/mainline changelist unchanged (cl=1785099), skip
[2026-07-05 09:04:20] INFO in hotfixDirWatcher: hotfixDirWatcher: client/mainline changelist unchanged (cl=1825109), skip
[2026-07-05 09:04:21] INFO in mongoImp: Successfully connected to MongoDB: work_flow
[2026-07-05 09:04:21] INFO in hotfixDirWatcher: hotfixDirWatcher: no changes detected, tick end
[2026-07-05 09:06:21] INFO in hotfixDirWatcher: hotfixDirWatcher: tick start
[2026-07-05 09:06:21] INFO in mongoImp: Successfully connected to MongoDB: work_flow
[2026-07-05 09:06:21] INFO in hotfixDirWatcher: hotfixDirWatcher: server/weekly changelist unchanged (cl=1855987), skip
[2026-07-05 09:06:21] INFO in hotfixDirWatcher: hotfixDirWatcher: client/weekly changelist unchanged (cl=1855822), skip
[2026-07-05 09:06:21] INFO in hotfixDirWatcher: hotfixDirWatcher: server/mainline changelist unchanged (cl=1785099), skip
[2026-07-05 09:06:21] INFO in hotfixDirWatcher: hotfixDirWatcher: client/mainline changelist unchanged (cl=1825109), skip
[2026-07-05 09:06:21] INFO in mongoImp: Successfully connected to MongoDB: work_flow
[2026-07-05 09:06:21] INFO in hotfixDirWatcher: hotfixDirWatcher: no changes detected, tick end
[2026-07-05 09:08:21] INFO in hotfixDirWatcher: hotfixDirWatcher: tick start
[2026-07-05 09:08:21] INFO in mongoImp: Successfully connected to MongoDB: work_flow
[2026-07-05 09:08:21] INFO in hotfixDirWatcher: hotfixDirWatcher: server/weekly changelist unchanged (cl=1855987), skip
[2026-07-05 09:08:21] INFO in hotfixDirWatcher: hotfixDirWatcher: client/weekly changelist unchanged (cl=1855822), skip
[2026-07-05 09:08:22] INFO in hotfixDirWatcher: hotfixDirWatcher: server/mainline changelist unchanged (cl=1785099), skip
[2026-07-05 09:08:22] INFO in hotfixDirWatcher: hotfixDirWatcher: client/mainline changelist unchanged (cl=1825109), skip
[2026-07-05 09:08:22] INFO in mongoImp: Successfully connected to MongoDB: work_flow
[2026-07-05 09:08:22] INFO in hotfixDirWatcher: hotfixDirWatcher: no changes detected, tick end
[2026-07-05 09:10:22] INFO in hotfixDirWatcher: hotfixDirWatcher: tick start
[2026-07-05 09:10:22] INFO in mongoImp: Successfully connected to MongoDB: work_flow
[2026-07-05 09:10:22] INFO in hotfixDirWatcher: hotfixDirWatcher: server/weekly changelist unchanged (cl=1855987), skip
[2026-07-05 09:10:22] INFO in hotfixDirWatcher: hotfixDirWatcher: client/weekly changelist unchanged (cl=1855822), skip
[2026-07-05 09:10:22] INFO in hotfixDirWatcher: hotfixDirWatcher: server/mainline changelist unchanged (cl=1785099), skip
[2026-07-05 09:10:22] INFO in hotfixDirWatcher: hotfixDirWatcher: client/mainline changelist unchanged (cl=1825109), skip
[2026-07-05 09:10:22] INFO in mongoImp: Successfully connected to MongoDB: work_flow
[2026-07-05 09:10:22] INFO in hotfixDirWatcher: hotfixDirWatcher: no changes detected, tick end
